[0.281s] DEBUG:colcon:Command line arguments: ['/usr/bin/colcon', 'build', '--packages-select', 'slam_iti', '--symlink-install']
[0.281s] DEBUG:colcon:Parsed command line arguments: Namespace(ament_cmake_args=None, base_paths=['.'], build_base='build', catkin_cmake_args=None, catkin_skip_building_tests=False, cmake_args=None, cmake_clean_cache=False, cmake_clean_first=False, cmake_force_configure=False, cmake_target=None, cmake_target_skip_unavailable=False, continue_on_error=False, event_handlers=None, executor='parallel', ignore_user_meta=False, install_base='install', log_base=None, log_level=None, main=<bound method BuildVerb.main of <colcon_core.verb.build.BuildVerb object at 0x7ff680d23a90>>, merge_install=False, metas=['./colcon.meta'], packages_above=None, packages_above_and_dependencies=None, packages_above_depth=None, packages_end=None, packages_ignore=None, packages_ignore_regex=None, packages_select=['slam_iti'], packages_select_build_failed=False, packages_select_by_dep=None, packages_select_regex=None, packages_select_test_failures=False, packages_skip=None, packages_skip_build_finished=False, packages_skip_by_dep=None, packages_skip_regex=None, packages_skip_test_passed=False, packages_skip_up_to=None, packages_start=None, packages_up_to=None, packages_up_to_regex=None, parallel_workers=12, paths=None, symlink_install=True, test_result_base=None, verb_extension=<colcon_core.verb.build.BuildVerb object at 0x7ff680d23a90>, verb_name='build', verb_parser=<colcon_defaults.argument_parser.defaults.DefaultArgumentsDecorator object at 0x7ff680c7a040>)
[0.286s] Level 1:colcon.colcon_core.package_discovery:discover_packages(colcon_meta) check parameters
[0.286s] Level 1:colcon.colcon_core.package_discovery:discover_packages(recursive) check parameters
[0.286s] Level 1:colcon.colcon_core.package_discovery:discover_packages(ignore) check parameters
[0.286s] Level 1:colcon.colcon_core.package_discovery:discover_packages(path) check parameters
[0.286s] Level 1:colcon.colcon_core.package_discovery:discover_packages(colcon_meta) discover
[0.286s] Level 1:colcon.colcon_core.package_discovery:discover_packages(recursive) discover
[0.286s] INFO:colcon.colcon_core.package_discovery:Crawling recursively for packages in '/home/alaa/Desktop/self_driving_ITI/ROS2/py_ws/src/slam_iti'
[0.286s] Level 1:colcon.colcon_core.package_identification:_identify(.) by extensions ['ignore', 'ignore_ament_install']
[0.287s] Level 1:colcon.colcon_core.package_identification:_identify(.) by extension 'ignore'
[0.287s] Level 1:colcon.colcon_core.package_identification:_identify(.) by extension 'ignore_ament_install'
[0.287s] Level 1:colcon.colcon_core.package_identification:_identify(.) by extensions ['colcon_pkg']
[0.287s] Level 1:colcon.colcon_core.package_identification:_identify(.) by extension 'colcon_pkg'
[0.287s] Level 1:colcon.colcon_core.package_identification:_identify(.) by extensions ['colcon_meta']
[0.287s] Level 1:colcon.colcon_core.package_identification:_identify(.) by extension 'colcon_meta'
[0.287s] Level 1:colcon.colcon_core.package_identification:_identify(.) by extensions ['ros']
[0.287s] Level 1:colcon.colcon_core.package_identification:_identify(.) by extension 'ros'
[0.299s] DEBUG:colcon.colcon_core.package_identification:Package '.' with type 'ros.ament_python' and name 'slam_iti'
[0.299s] Level 1:colcon.colcon_core.package_discovery:discover_packages(recursive) using defaults
[0.299s] Level 1:colcon.colcon_core.package_discovery:discover_packages(ignore) discover
[0.299s] Level 1:colcon.colcon_core.package_discovery:discover_packages(ignore) using defaults
[0.299s] Level 1:colcon.colcon_core.package_discovery:discover_packages(path) discover
[0.299s] Level 1:colcon.colcon_core.package_discovery:discover_packages(path) using defaults
[0.317s] Level 5:colcon.colcon_core.verb:set package 'slam_iti' build argument 'cmake_args' from command line to 'None'
[0.317s] Level 5:colcon.colcon_core.verb:set package 'slam_iti' build argument 'cmake_target' from command line to 'None'
[0.317s] Level 5:colcon.colcon_core.verb:set package 'slam_iti' build argument 'cmake_target_skip_unavailable' from command line to 'False'
[0.318s] Level 5:colcon.colcon_core.verb:set package 'slam_iti' build argument 'cmake_clean_cache' from command line to 'False'
[0.318s] Level 5:colcon.colcon_core.verb:set package 'slam_iti' build argument 'cmake_clean_first' from command line to 'False'
[0.318s] Level 5:colcon.colcon_core.verb:set package 'slam_iti' build argument 'cmake_force_configure' from command line to 'False'
[0.318s] Level 5:colcon.colcon_core.verb:set package 'slam_iti' build argument 'ament_cmake_args' from command line to 'None'
[0.318s] Level 5:colcon.colcon_core.verb:set package 'slam_iti' build argument 'catkin_cmake_args' from command line to 'None'
[0.318s] Level 5:colcon.colcon_core.verb:set package 'slam_iti' build argument 'catkin_skip_building_tests' from command line to 'False'
[0.318s] DEBUG:colcon.colcon_core.verb:Building package 'slam_iti' with the following arguments: {'ament_cmake_args': None, 'build_base': '/home/alaa/Desktop/self_driving_ITI/ROS2/py_ws/src/slam_iti/build/slam_iti', 'catkin_cmake_args': None, 'catkin_skip_building_tests': False, 'cmake_args': None, 'cmake_clean_cache': False, 'cmake_clean_first': False, 'cmake_force_configure': False, 'cmake_target': None, 'cmake_target_skip_unavailable': False, 'install_base': '/home/alaa/Desktop/self_driving_ITI/ROS2/py_ws/src/slam_iti/install/slam_iti', 'merge_install': False, 'path': '/home/alaa/Desktop/self_driving_ITI/ROS2/py_ws/src/slam_iti', 'symlink_install': True, 'test_result_base': None}
[0.318s] INFO:colcon.colcon_core.executor:Executing jobs using 'parallel' executor
[0.320s] DEBUG:colcon.colcon_parallel_executor.executor.parallel:run_until_complete
[0.320s] INFO:colcon.colcon_ros.task.ament_python.build:Building ROS package in '/home/alaa/Desktop/self_driving_ITI/ROS2/py_ws/src/slam_iti' with build type 'ament_python'
[0.320s] Level 1:colcon.colcon_core.shell:create_environment_hook('slam_iti', 'ament_prefix_path')
[0.323s] INFO:colcon.colcon_core.plugin_system:Skipping extension 'colcon_core.shell.bat': Not used on non-Windows systems
[0.323s] INFO:colcon.colcon_core.shell:Creating environment hook '/home/alaa/Desktop/self_driving_ITI/ROS2/py_ws/src/slam_iti/install/slam_iti/share/slam_iti/hook/ament_prefix_path.ps1'
[0.324s] INFO:colcon.colcon_core.shell:Creating environment descriptor '/home/alaa/Desktop/self_driving_ITI/ROS2/py_ws/src/slam_iti/install/slam_iti/share/slam_iti/hook/ament_prefix_path.dsv'
[0.324s] INFO:colcon.colcon_core.shell:Creating environment hook '/home/alaa/Desktop/self_driving_ITI/ROS2/py_ws/src/slam_iti/install/slam_iti/share/slam_iti/hook/ament_prefix_path.sh'
[0.325s] INFO:colcon.colcon_core.shell:Skip shell extension 'powershell' for command environment: Not usable outside of PowerShell
[0.325s] DEBUG:colcon.colcon_core.shell:Skip shell extension 'dsv' for command environment
[0.331s] DEBUG:colcon.colcon_core.shell:Ignoring prefix path '/opt/ros/foxy'
[0.558s] INFO:colcon.colcon_core.task.python.build:Building Python package in '/home/alaa/Desktop/self_driving_ITI/ROS2/py_ws/src/slam_iti'
[0.559s] INFO:colcon.colcon_core.shell:Skip shell extension 'powershell' for command environment: Not usable outside of PowerShell
[0.559s] DEBUG:colcon.colcon_core.shell:Skip shell extension 'dsv' for command environment
[0.564s] DEBUG:colcon.colcon_core.shell:Ignoring prefix path '/opt/ros/foxy'
[0.570s] DEBUG:colcon.colcon_core.event_handler.log_command:Invoking command in '/home/alaa/Desktop/self_driving_ITI/ROS2/py_ws/src/slam_iti/build/slam_iti': CONDA_PROMPT_MODIFIER=(base) PYTHONPATH=/home/alaa/Desktop/self_driving_ITI/ROS2/py_ws/src/slam_iti/install/slam_iti/lib/python3.8/site-packages:${PYTHONPATH} /usr/bin/python3 setup.py develop --prefix /home/alaa/Desktop/self_driving_ITI/ROS2/py_ws/src/slam_iti/install/slam_iti --editable --build-directory /home/alaa/Desktop/self_driving_ITI/ROS2/py_ws/src/slam_iti/build/slam_iti/build --no-deps install_data --install-dir /home/alaa/Desktop/self_driving_ITI/ROS2/py_ws/src/slam_iti/install/slam_iti
[1.027s] Level 1:colcon.colcon_core.shell:create_environment_hook('slam_iti', 'pythonpath_develop')
[1.028s] INFO:colcon.colcon_core.shell:Creating environment hook '/home/alaa/Desktop/self_driving_ITI/ROS2/py_ws/src/slam_iti/build/slam_iti/share/slam_iti/hook/pythonpath_develop.ps1'
[1.028s] DEBUG:colcon.colcon_core.event_handler.log_command:Invoked command in '/home/alaa/Desktop/self_driving_ITI/ROS2/py_ws/src/slam_iti/build/slam_iti' returned '0': CONDA_PROMPT_MODIFIER=(base) PYTHONPATH=/home/alaa/Desktop/self_driving_ITI/ROS2/py_ws/src/slam_iti/install/slam_iti/lib/python3.8/site-packages:${PYTHONPATH} /usr/bin/python3 setup.py develop --prefix /home/alaa/Desktop/self_driving_ITI/ROS2/py_ws/src/slam_iti/install/slam_iti --editable --build-directory /home/alaa/Desktop/self_driving_ITI/ROS2/py_ws/src/slam_iti/build/slam_iti/build --no-deps install_data --install-dir /home/alaa/Desktop/self_driving_ITI/ROS2/py_ws/src/slam_iti/install/slam_iti
[1.029s] INFO:colcon.colcon_core.shell:Creating environment descriptor '/home/alaa/Desktop/self_driving_ITI/ROS2/py_ws/src/slam_iti/build/slam_iti/share/slam_iti/hook/pythonpath_develop.dsv'
[1.029s] INFO:colcon.colcon_core.shell:Creating environment hook '/home/alaa/Desktop/self_driving_ITI/ROS2/py_ws/src/slam_iti/build/slam_iti/share/slam_iti/hook/pythonpath_develop.sh'
[1.033s] Level 1:colcon.colcon_core.environment:checking '/home/alaa/Desktop/self_driving_ITI/ROS2/py_ws/src/slam_iti/install/slam_iti' for CMake module files
[1.033s] Level 1:colcon.colcon_core.environment:checking '/home/alaa/Desktop/self_driving_ITI/ROS2/py_ws/src/slam_iti/install/slam_iti' for CMake config files
[1.034s] Level 1:colcon.colcon_core.environment:checking '/home/alaa/Desktop/self_driving_ITI/ROS2/py_ws/src/slam_iti/install/slam_iti/lib'
[1.034s] Level 1:colcon.colcon_core.environment:checking '/home/alaa/Desktop/self_driving_ITI/ROS2/py_ws/src/slam_iti/install/slam_iti/bin'
[1.034s] Level 1:colcon.colcon_core.environment:checking '/home/alaa/Desktop/self_driving_ITI/ROS2/py_ws/src/slam_iti/install/slam_iti/lib/pkgconfig/slam_iti.pc'
[1.034s] Level 1:colcon.colcon_core.environment:checking '/home/alaa/Desktop/self_driving_ITI/ROS2/py_ws/src/slam_iti/install/slam_iti/lib/python3.8/site-packages'
[1.034s] Level 1:colcon.colcon_core.shell:create_environment_hook('slam_iti', 'pythonpath')
[1.035s] INFO:colcon.colcon_core.shell:Creating environment hook '/home/alaa/Desktop/self_driving_ITI/ROS2/py_ws/src/slam_iti/install/slam_iti/share/slam_iti/hook/pythonpath.ps1'
[1.035s] INFO:colcon.colcon_core.shell:Creating environment descriptor '/home/alaa/Desktop/self_driving_ITI/ROS2/py_ws/src/slam_iti/install/slam_iti/share/slam_iti/hook/pythonpath.dsv'
[1.035s] INFO:colcon.colcon_core.shell:Creating environment hook '/home/alaa/Desktop/self_driving_ITI/ROS2/py_ws/src/slam_iti/install/slam_iti/share/slam_iti/hook/pythonpath.sh'
[1.036s] Level 1:colcon.colcon_core.environment:create_environment_scripts_only(slam_iti)
[1.036s] INFO:colcon.colcon_core.shell:Creating package script '/home/alaa/Desktop/self_driving_ITI/ROS2/py_ws/src/slam_iti/install/slam_iti/share/slam_iti/package.ps1'
[1.037s] INFO:colcon.colcon_core.shell:Creating package descriptor '/home/alaa/Desktop/self_driving_ITI/ROS2/py_ws/src/slam_iti/install/slam_iti/share/slam_iti/package.dsv'
[1.037s] INFO:colcon.colcon_core.shell:Creating package script '/home/alaa/Desktop/self_driving_ITI/ROS2/py_ws/src/slam_iti/install/slam_iti/share/slam_iti/package.sh'
[1.038s] INFO:colcon.colcon_core.shell:Creating package script '/home/alaa/Desktop/self_driving_ITI/ROS2/py_ws/src/slam_iti/install/slam_iti/share/slam_iti/package.bash'
[1.039s] INFO:colcon.colcon_core.shell:Creating package script '/home/alaa/Desktop/self_driving_ITI/ROS2/py_ws/src/slam_iti/install/slam_iti/share/slam_iti/package.zsh'
[1.039s] Level 1:colcon.colcon_core.environment:create_file_with_runtime_dependencies(/home/alaa/Desktop/self_driving_ITI/ROS2/py_ws/src/slam_iti/install/slam_iti/share/colcon-core/packages/slam_iti)
[1.039s] DEBUG:colcon.colcon_parallel_executor.executor.parallel:closing loop
[1.040s] DEBUG:colcon.colcon_parallel_executor.executor.parallel:loop closed
[1.040s] DEBUG:colcon.colcon_parallel_executor.executor.parallel:run_until_complete finished with '0'
[1.040s] DEBUG:colcon.colcon_core.event_reactor:joining thread
[1.045s] INFO:colcon.colcon_core.plugin_system:Skipping extension 'colcon_notification.desktop_notification.terminal_notifier': Not used on non-Darwin systems
[1.045s] INFO:colcon.colcon_core.plugin_system:Skipping extension 'colcon_notification.desktop_notification.win32': Not used on non-Windows systems
[1.045s] INFO:colcon.colcon_notification.desktop_notification:Sending desktop notification using 'notify2'
[1.058s] DEBUG:colcon.colcon_core.event_reactor:joined thread
[1.058s] INFO:colcon.colcon_core.shell:Creating prefix script '/home/alaa/Desktop/self_driving_ITI/ROS2/py_ws/src/slam_iti/install/local_setup.ps1'
[1.059s] INFO:colcon.colcon_core.shell:Creating prefix util module '/home/alaa/Desktop/self_driving_ITI/ROS2/py_ws/src/slam_iti/install/_local_setup_util_ps1.py'
[1.060s] INFO:colcon.colcon_core.shell:Creating prefix chain script '/home/alaa/Desktop/self_driving_ITI/ROS2/py_ws/src/slam_iti/install/setup.ps1'
[1.064s] INFO:colcon.colcon_core.shell:Creating prefix script '/home/alaa/Desktop/self_driving_ITI/ROS2/py_ws/src/slam_iti/install/local_setup.sh'
[1.064s] INFO:colcon.colcon_core.shell:Creating prefix util module '/home/alaa/Desktop/self_driving_ITI/ROS2/py_ws/src/slam_iti/install/_local_setup_util_sh.py'
[1.065s] INFO:colcon.colcon_core.shell:Creating prefix chain script '/home/alaa/Desktop/self_driving_ITI/ROS2/py_ws/src/slam_iti/install/setup.sh'
[1.068s] INFO:colcon.colcon_core.shell:Creating prefix script '/home/alaa/Desktop/self_driving_ITI/ROS2/py_ws/src/slam_iti/install/local_setup.bash'
[1.069s] INFO:colcon.colcon_core.shell:Creating prefix chain script '/home/alaa/Desktop/self_driving_ITI/ROS2/py_ws/src/slam_iti/install/setup.bash'
[1.072s] INFO:colcon.colcon_core.shell:Creating prefix script '/home/alaa/Desktop/self_driving_ITI/ROS2/py_ws/src/slam_iti/install/local_setup.zsh'
[1.073s] INFO:colcon.colcon_core.shell:Creating prefix chain script '/home/alaa/Desktop/self_driving_ITI/ROS2/py_ws/src/slam_iti/install/setup.zsh'
